{"/Users/peterpilkington/Documents/futureproof/lapTwo/habitProject/api/server.js": {"path":"/Users/peterpilkington/Documents/futureproof/lapTwo/habitProject/api/server.js","statementMap":{"0":{"start":{"line":1,"column":16},"end":{"line":1,"column":34}},"1":{"start":{"line":2,"column":12},"end":{"line":2,"column":21}},"2":{"start":{"line":6,"column":13},"end":{"line":6,"column":28}},"3":{"start":{"line":8,"column":0},"end":{"line":8,"column":19}},"4":{"start":{"line":9,"column":0},"end":{"line":9,"column":24}},"5":{"start":{"line":11,"column":19},"end":{"line":11,"column":48}},"6":{"start":{"line":12,"column":19},"end":{"line":12,"column":49}},"7":{"start":{"line":13,"column":20},"end":{"line":13,"column":51}},"8":{"start":{"line":14,"column":25},"end":{"line":14,"column":60}},"9":{"start":{"line":16,"column":0},"end":{"line":16,"column":29}},"10":{"start":{"line":17,"column":0},"end":{"line":17,"column":30}},"11":{"start":{"line":18,"column":0},"end":{"line":18,"column":32}},"12":{"start":{"line":19,"column":0},"end":{"line":19,"column":41}},"13":{"start":{"line":22,"column":0},"end":{"line":22,"column":61}},"14":{"start":{"line":22,"column":27},"end":{"line":22,"column":59}},"15":{"start":{"line":25,"column":0},"end":{"line":25,"column":21}}},"fnMap":{"0":{"name":"(anonymous_0)","decl":{"start":{"line":22,"column":13},"end":{"line":22,"column":14}},"loc":{"start":{"line":22,"column":27},"end":{"line":22,"column":59}},"line":22}},"branchMap":{},"s":{"0":1,"1":1,"2":1,"3":1,"4":1,"5":1,"6":1,"7":1,"8":1,"9":1,"10":1,"11":1,"12":1,"13":1,"14":1,"15":1},"f":{"0":1},"b":{},"_coverageSchema":"1a1c01bbd47fc00a2c39e90264f33305004495a9","hash":"ec1d256511a57fd49e271bbbd0ad2b7c1fa6b55c"}
,"/Users/peterpilkington/Documents/futureproof/lapTwo/habitProject/api/controllers/auth.js": {"path":"/Users/peterpilkington/Documents/futureproof/lapTwo/habitProject/api/controllers/auth.js","statementMap":{"0":{"start":{"line":1,"column":0},"end":{"line":1,"column":27}},"1":{"start":{"line":3,"column":16},"end":{"line":3,"column":34}},"2":{"start":{"line":4,"column":15},"end":{"line":4,"column":31}},"3":{"start":{"line":6,"column":15},"end":{"line":6,"column":34}},"4":{"start":{"line":7,"column":12},"end":{"line":7,"column":35}},"5":{"start":{"line":10,"column":13},"end":{"line":10,"column":38}},"6":{"start":{"line":12,"column":0},"end":{"line":21,"column":2}},"7":{"start":{"line":13,"column":4},"end":{"line":20,"column":5}},"8":{"start":{"line":14,"column":21},"end":{"line":14,"column":43}},"9":{"start":{"line":15,"column":23},"end":{"line":15,"column":65}},"10":{"start":{"line":16,"column":8},"end":{"line":16,"column":58}},"11":{"start":{"line":17,"column":8},"end":{"line":17,"column":51}},"12":{"start":{"line":19,"column":8},"end":{"line":19,"column":36}},"13":{"start":{"line":23,"column":0},"end":{"line":48,"column":2}},"14":{"start":{"line":24,"column":4},"end":{"line":47,"column":5}},"15":{"start":{"line":25,"column":8},"end":{"line":25,"column":35}},"16":{"start":{"line":26,"column":8},"end":{"line":26,"column":44}},"17":{"start":{"line":27,"column":8},"end":{"line":27,"column":38}},"18":{"start":{"line":28,"column":21},"end":{"line":28,"column":59}},"19":{"start":{"line":29,"column":8},"end":{"line":29,"column":25}},"20":{"start":{"line":30,"column":8},"end":{"line":30,"column":63}},"21":{"start":{"line":30,"column":19},"end":{"line":30,"column":61}},"22":{"start":{"line":31,"column":23},"end":{"line":31,"column":83}},"23":{"start":{"line":32,"column":8},"end":{"line":44,"column":9}},"24":{"start":{"line":33,"column":28},"end":{"line":33,"column":74}},"25":{"start":{"line":34,"column":30},"end":{"line":40,"column":13}},"26":{"start":{"line":35,"column":16},"end":{"line":35,"column":71}},"27":{"start":{"line":35,"column":25},"end":{"line":35,"column":69}},"28":{"start":{"line":36,"column":16},"end":{"line":39,"column":19}},"29":{"start":{"line":41,"column":12},"end":{"line":41,"column":80}},"30":{"start":{"line":43,"column":12},"end":{"line":43,"column":62}},"31":{"start":{"line":46,"column":8},"end":{"line":46,"column":38}},"32":{"start":{"line":50,"column":0},"end":{"line":50,"column":23}}},"fnMap":{"0":{"name":"(anonymous_0)","decl":{"start":{"line":12,"column":25},"end":{"line":12,"column":26}},"loc":{"start":{"line":12,"column":45},"end":{"line":21,"column":1}},"line":12},"1":{"name":"(anonymous_1)","decl":{"start":{"line":23,"column":22},"end":{"line":23,"column":23}},"loc":{"start":{"line":23,"column":42},"end":{"line":48,"column":1}},"line":23},"2":{"name":"(anonymous_2)","decl":{"start":{"line":34,"column":30},"end":{"line":34,"column":31}},"loc":{"start":{"line":34,"column":46},"end":{"line":40,"column":13}},"line":34}},"branchMap":{"0":{"loc":{"start":{"line":30,"column":8},"end":{"line":30,"column":63}},"type":"if","locations":[{"start":{"line":30,"column":8},"end":{"line":30,"column":63}},{"start":{},"end":{}}],"line":30},"1":{"loc":{"start":{"line":32,"column":8},"end":{"line":44,"column":9}},"type":"if","locations":[{"start":{"line":32,"column":8},"end":{"line":44,"column":9}},{"start":{"line":42,"column":15},"end":{"line":44,"column":9}}],"line":32},"2":{"loc":{"start":{"line":35,"column":16},"end":{"line":35,"column":71}},"type":"if","locations":[{"start":{"line":35,"column":16},"end":{"line":35,"column":71}},{"start":{},"end":{}}],"line":35}},"s":{"0":1,"1":1,"2":1,"3":1,"4":1,"5":1,"6":1,"7":1,"8":1,"9":1,"10":0,"11":0,"12":1,"13":1,"14":1,"15":1,"16":1,"17":1,"18":1,"19":0,"20":0,"21":0,"22":0,"23":0,"24":0,"25":0,"26":0,"27":0,"28":0,"29":0,"30":0,"31":1,"32":1},"f":{"0":1,"1":1,"2":0},"b":{"0":[0,0],"1":[0,0],"2":[0,0]},"_coverageSchema":"1a1c01bbd47fc00a2c39e90264f33305004495a9","hash":"8ded20d68acd39414642b3e262183c2609e78728"}
,"/Users/peterpilkington/Documents/futureproof/lapTwo/habitProject/api/controllers/habit_plan.js": {"path":"/Users/peterpilkington/Documents/futureproof/lapTwo/habitProject/api/controllers/habit_plan.js","statementMap":{"0":{"start":{"line":1,"column":16},"end":{"line":1,"column":34}},"1":{"start":{"line":2,"column":15},"end":{"line":2,"column":31}},"2":{"start":{"line":4,"column":24},"end":{"line":4,"column":53}},"3":{"start":{"line":6,"column":19},"end":{"line":6,"column":51}},"4":{"start":{"line":8,"column":0},"end":{"line":15,"column":2}},"5":{"start":{"line":9,"column":4},"end":{"line":14,"column":5}},"6":{"start":{"line":10,"column":26},"end":{"line":10,"column":46}},"7":{"start":{"line":11,"column":8},"end":{"line":11,"column":27}},"8":{"start":{"line":13,"column":8},"end":{"line":13,"column":37}},"9":{"start":{"line":17,"column":0},"end":{"line":24,"column":3}},"10":{"start":{"line":18,"column":4},"end":{"line":23,"column":5}},"11":{"start":{"line":19,"column":26},"end":{"line":19,"column":59}},"12":{"start":{"line":20,"column":8},"end":{"line":20,"column":39}},"13":{"start":{"line":22,"column":8},"end":{"line":22,"column":35}},"14":{"start":{"line":26,"column":0},"end":{"line":33,"column":3}},"15":{"start":{"line":27,"column":4},"end":{"line":32,"column":5}},"16":{"start":{"line":28,"column":26},"end":{"line":28,"column":59}},"17":{"start":{"line":29,"column":8},"end":{"line":29,"column":39}},"18":{"start":{"line":31,"column":8},"end":{"line":31,"column":35}},"19":{"start":{"line":36,"column":0},"end":{"line":36,"column":23}}},"fnMap":{"0":{"name":"(anonymous_0)","decl":{"start":{"line":8,"column":16},"end":{"line":8,"column":17}},"loc":{"start":{"line":8,"column":36},"end":{"line":15,"column":1}},"line":8},"1":{"name":"(anonymous_1)","decl":{"start":{"line":17,"column":17},"end":{"line":17,"column":18}},"loc":{"start":{"line":17,"column":36},"end":{"line":24,"column":1}},"line":17},"2":{"name":"(anonymous_2)","decl":{"start":{"line":26,"column":18},"end":{"line":26,"column":19}},"loc":{"start":{"line":26,"column":37},"end":{"line":33,"column":1}},"line":26}},"branchMap":{},"s":{"0":1,"1":1,"2":1,"3":1,"4":1,"5":0,"6":0,"7":0,"8":0,"9":1,"10":1,"11":1,"12":0,"13":1,"14":1,"15":0,"16":0,"17":0,"18":0,"19":1},"f":{"0":0,"1":1,"2":0},"b":{},"_coverageSchema":"1a1c01bbd47fc00a2c39e90264f33305004495a9","hash":"9bc859b3f6040b2baad487f36aae5b759f6d5334"}
,"/Users/peterpilkington/Documents/futureproof/lapTwo/habitProject/api/controllers/habits.js": {"path":"/Users/peterpilkington/Documents/futureproof/lapTwo/habitProject/api/controllers/habits.js","statementMap":{"0":{"start":{"line":1,"column":16},"end":{"line":1,"column":34}},"1":{"start":{"line":2,"column":15},"end":{"line":2,"column":31}},"2":{"start":{"line":4,"column":24},"end":{"line":4,"column":53}},"3":{"start":{"line":6,"column":14},"end":{"line":6,"column":40}},"4":{"start":{"line":8,"column":0},"end":{"line":15,"column":2}},"5":{"start":{"line":9,"column":4},"end":{"line":14,"column":5}},"6":{"start":{"line":10,"column":23},"end":{"line":10,"column":38}},"7":{"start":{"line":11,"column":8},"end":{"line":11,"column":24}},"8":{"start":{"line":13,"column":8},"end":{"line":13,"column":37}},"9":{"start":{"line":17,"column":0},"end":{"line":24,"column":2}},"10":{"start":{"line":18,"column":4},"end":{"line":23,"column":5}},"11":{"start":{"line":19,"column":22},"end":{"line":19,"column":57}},"12":{"start":{"line":20,"column":8},"end":{"line":20,"column":23}},"13":{"start":{"line":22,"column":8},"end":{"line":22,"column":37}},"14":{"start":{"line":27,"column":0},"end":{"line":27,"column":23}}},"fnMap":{"0":{"name":"(anonymous_0)","decl":{"start":{"line":8,"column":29},"end":{"line":8,"column":30}},"loc":{"start":{"line":8,"column":49},"end":{"line":15,"column":1}},"line":8},"1":{"name":"(anonymous_1)","decl":{"start":{"line":17,"column":19},"end":{"line":17,"column":20}},"loc":{"start":{"line":17,"column":39},"end":{"line":24,"column":1}},"line":17}},"branchMap":{},"s":{"0":1,"1":1,"2":1,"3":1,"4":1,"5":0,"6":0,"7":0,"8":0,"9":1,"10":0,"11":0,"12":0,"13":0,"14":1},"f":{"0":0,"1":0},"b":{},"_coverageSchema":"1a1c01bbd47fc00a2c39e90264f33305004495a9","hash":"aa4e7ff8350fb8805cfcdb93b075515b621ec33c"}
,"/Users/peterpilkington/Documents/futureproof/lapTwo/habitProject/api/controllers/users.js": {"path":"/Users/peterpilkington/Documents/futureproof/lapTwo/habitProject/api/controllers/users.js","statementMap":{"0":{"start":{"line":1,"column":16},"end":{"line":1,"column":34}},"1":{"start":{"line":2,"column":15},"end":{"line":2,"column":31}},"2":{"start":{"line":4,"column":24},"end":{"line":4,"column":53}},"3":{"start":{"line":6,"column":13},"end":{"line":6,"column":38}},"4":{"start":{"line":8,"column":0},"end":{"line":15,"column":2}},"5":{"start":{"line":9,"column":4},"end":{"line":14,"column":5}},"6":{"start":{"line":10,"column":22},"end":{"line":10,"column":36}},"7":{"start":{"line":11,"column":8},"end":{"line":11,"column":23}},"8":{"start":{"line":13,"column":8},"end":{"line":13,"column":34}},"9":{"start":{"line":17,"column":0},"end":{"line":24,"column":2}},"10":{"start":{"line":18,"column":4},"end":{"line":23,"column":5}},"11":{"start":{"line":19,"column":21},"end":{"line":19,"column":55}},"12":{"start":{"line":20,"column":8},"end":{"line":20,"column":34}},"13":{"start":{"line":22,"column":8},"end":{"line":22,"column":34}},"14":{"start":{"line":26,"column":0},"end":{"line":26,"column":23}}},"fnMap":{"0":{"name":"(anonymous_0)","decl":{"start":{"line":8,"column":29},"end":{"line":8,"column":30}},"loc":{"start":{"line":8,"column":49},"end":{"line":15,"column":1}},"line":8},"1":{"name":"(anonymous_1)","decl":{"start":{"line":17,"column":19},"end":{"line":17,"column":20}},"loc":{"start":{"line":17,"column":37},"end":{"line":24,"column":1}},"line":17}},"branchMap":{},"s":{"0":1,"1":1,"2":1,"3":1,"4":1,"5":0,"6":0,"7":0,"8":0,"9":1,"10":0,"11":0,"12":0,"13":0,"14":1},"f":{"0":0,"1":0},"b":{},"_coverageSchema":"1a1c01bbd47fc00a2c39e90264f33305004495a9","hash":"959da965a39899e992807e8df166158d558d8f11"}
,"/Users/peterpilkington/Documents/futureproof/lapTwo/habitProject/api/db_config/config.js": {"path":"/Users/peterpilkington/Documents/futureproof/lapTwo/habitProject/api/db_config/config.js","statementMap":{"0":{"start":{"line":1,"column":17},"end":{"line":1,"column":30}},"1":{"start":{"line":3,"column":13},"end":{"line":3,"column":23}},"2":{"start":{"line":5,"column":0},"end":{"line":5,"column":21}}},"fnMap":{},"branchMap":{},"s":{"0":3,"1":3,"2":3},"f":{},"b":{},"_coverageSchema":"1a1c01bbd47fc00a2c39e90264f33305004495a9","hash":"517211080007f2965d8d6fa8864dbc2d91d42ab2"}
,"/Users/peterpilkington/Documents/futureproof/lapTwo/habitProject/api/middleware/auth.js": {"path":"/Users/peterpilkington/Documents/futureproof/lapTwo/habitProject/api/middleware/auth.js","statementMap":{"0":{"start":{"line":1,"column":12},"end":{"line":1,"column":35}},"1":{"start":{"line":4,"column":19},"end":{"line":4,"column":47}},"2":{"start":{"line":5,"column":4},"end":{"line":17,"column":5}},"3":{"start":{"line":6,"column":22},"end":{"line":6,"column":42}},"4":{"start":{"line":7,"column":8},"end":{"line":14,"column":10}},"5":{"start":{"line":8,"column":12},"end":{"line":8,"column":30}},"6":{"start":{"line":9,"column":12},"end":{"line":13,"column":13}},"7":{"start":{"line":10,"column":16},"end":{"line":10,"column":62}},"8":{"start":{"line":12,"column":16},"end":{"line":12,"column":23}},"9":{"start":{"line":16,"column":8},"end":{"line":16,"column":54}},"10":{"start":{"line":19,"column":0},"end":{"line":21,"column":1}}},"fnMap":{"0":{"name":"verifyToken","decl":{"start":{"line":3,"column":9},"end":{"line":3,"column":20}},"loc":{"start":{"line":3,"column":36},"end":{"line":18,"column":1}},"line":3},"1":{"name":"(anonymous_1)","decl":{"start":{"line":7,"column":46},"end":{"line":7,"column":47}},"loc":{"start":{"line":7,"column":67},"end":{"line":14,"column":9}},"line":7}},"branchMap":{"0":{"loc":{"start":{"line":5,"column":4},"end":{"line":17,"column":5}},"type":"if","locations":[{"start":{"line":5,"column":4},"end":{"line":17,"column":5}},{"start":{"line":15,"column":11},"end":{"line":17,"column":5}}],"line":5},"1":{"loc":{"start":{"line":9,"column":12},"end":{"line":13,"column":13}},"type":"if","locations":[{"start":{"line":9,"column":12},"end":{"line":13,"column":13}},{"start":{"line":11,"column":19},"end":{"line":13,"column":13}}],"line":9}},"s":{"0":1,"1":1,"2":1,"3":0,"4":0,"5":0,"6":0,"7":0,"8":0,"9":1,"10":1},"f":{"0":1,"1":0},"b":{"0":[0,1],"1":[0,0]},"_coverageSchema":"1a1c01bbd47fc00a2c39e90264f33305004495a9","hash":"d5e33b4352bd22716eb02b73ec0230391a3a99c3"}
,"/Users/peterpilkington/Documents/futureproof/lapTwo/habitProject/api/models/habit.js": {"path":"/Users/peterpilkington/Documents/futureproof/lapTwo/habitProject/api/models/habit.js","statementMap":{"0":{"start":{"line":1,"column":11},"end":{"line":1,"column":41}},"1":{"start":{"line":6,"column":8},"end":{"line":6,"column":26}},"2":{"start":{"line":7,"column":8},"end":{"line":7,"column":41}},"3":{"start":{"line":12,"column":8},"end":{"line":20,"column":10}},"4":{"start":{"line":13,"column":12},"end":{"line":19,"column":13}},"5":{"start":{"line":14,"column":29},"end":{"line":14,"column":68}},"6":{"start":{"line":15,"column":29},"end":{"line":15,"column":63}},"7":{"start":{"line":15,"column":50},"end":{"line":15,"column":62}},"8":{"start":{"line":16,"column":16},"end":{"line":16,"column":27}},"9":{"start":{"line":18,"column":16},"end":{"line":18,"column":53}},"10":{"start":{"line":24,"column":8},"end":{"line":32,"column":11}},"11":{"start":{"line":25,"column":12},"end":{"line":31,"column":13}},"12":{"start":{"line":26,"column":32},"end":{"line":26,"column":93}},"13":{"start":{"line":27,"column":28},"end":{"line":27,"column":56}},"14":{"start":{"line":28,"column":16},"end":{"line":28,"column":31}},"15":{"start":{"line":30,"column":16},"end":{"line":30,"column":42}},"16":{"start":{"line":36,"column":8},"end":{"line":44,"column":11}},"17":{"start":{"line":37,"column":12},"end":{"line":43,"column":13}},"18":{"start":{"line":38,"column":32},"end":{"line":38,"column":110}},"19":{"start":{"line":39,"column":28},"end":{"line":39,"column":56}},"20":{"start":{"line":40,"column":16},"end":{"line":40,"column":32}},"21":{"start":{"line":42,"column":16},"end":{"line":42,"column":53}},"22":{"start":{"line":65,"column":0},"end":{"line":65,"column":23}}},"fnMap":{"0":{"name":"(anonymous_0)","decl":{"start":{"line":5,"column":4},"end":{"line":5,"column":5}},"loc":{"start":{"line":5,"column":21},"end":{"line":8,"column":5}},"line":5},"1":{"name":"(anonymous_1)","decl":{"start":{"line":11,"column":4},"end":{"line":11,"column":5}},"loc":{"start":{"line":11,"column":20},"end":{"line":21,"column":5}},"line":11},"2":{"name":"(anonymous_2)","decl":{"start":{"line":12,"column":27},"end":{"line":12,"column":28}},"loc":{"start":{"line":12,"column":47},"end":{"line":20,"column":9}},"line":12},"3":{"name":"(anonymous_3)","decl":{"start":{"line":15,"column":45},"end":{"line":15,"column":46}},"loc":{"start":{"line":15,"column":50},"end":{"line":15,"column":62}},"line":15},"4":{"name":"(anonymous_4)","decl":{"start":{"line":23,"column":4},"end":{"line":23,"column":5}},"loc":{"start":{"line":23,"column":23},"end":{"line":33,"column":5}},"line":23},"5":{"name":"(anonymous_5)","decl":{"start":{"line":24,"column":28},"end":{"line":24,"column":29}},"loc":{"start":{"line":24,"column":55},"end":{"line":32,"column":9}},"line":24},"6":{"name":"(anonymous_6)","decl":{"start":{"line":35,"column":4},"end":{"line":35,"column":5}},"loc":{"start":{"line":35,"column":23},"end":{"line":45,"column":5}},"line":35},"7":{"name":"(anonymous_7)","decl":{"start":{"line":36,"column":28},"end":{"line":36,"column":29}},"loc":{"start":{"line":36,"column":55},"end":{"line":44,"column":9}},"line":36}},"branchMap":{},"s":{"0":2,"1":5,"2":5,"3":1,"4":1,"5":1,"6":1,"7":3,"8":1,"9":0,"10":1,"11":1,"12":1,"13":1,"14":1,"15":0,"16":1,"17":1,"18":1,"19":1,"20":1,"21":0,"22":2},"f":{"0":5,"1":1,"2":1,"3":3,"4":1,"5":1,"6":1,"7":1},"b":{},"_coverageSchema":"1a1c01bbd47fc00a2c39e90264f33305004495a9","hash":"9a3719c2fd0f59f638875cc938cc259403f01b90"}
,"/Users/peterpilkington/Documents/futureproof/lapTwo/habitProject/api/models/habit_plans.js": {"path":"/Users/peterpilkington/Documents/futureproof/lapTwo/habitProject/api/models/habit_plans.js","statementMap":{"0":{"start":{"line":1,"column":11},"end":{"line":1,"column":41}},"1":{"start":{"line":3,"column":14},"end":{"line":3,"column":32}},"2":{"start":{"line":4,"column":13},"end":{"line":4,"column":30}},"3":{"start":{"line":8,"column":8},"end":{"line":8,"column":26}},"4":{"start":{"line":9,"column":8},"end":{"line":9,"column":42}},"5":{"start":{"line":10,"column":8},"end":{"line":10,"column":38}},"6":{"start":{"line":11,"column":8},"end":{"line":11,"column":40}},"7":{"start":{"line":13,"column":8},"end":{"line":13,"column":67}},"8":{"start":{"line":16,"column":8},"end":{"line":28,"column":11}},"9":{"start":{"line":17,"column":12},"end":{"line":27,"column":13}},"10":{"start":{"line":18,"column":32},"end":{"line":22,"column":86}},"11":{"start":{"line":23,"column":29},"end":{"line":23,"column":71}},"12":{"start":{"line":23,"column":53},"end":{"line":23,"column":70}},"13":{"start":{"line":24,"column":16},"end":{"line":24,"column":33}},"14":{"start":{"line":26,"column":16},"end":{"line":26,"column":42}},"15":{"start":{"line":32,"column":8},"end":{"line":46,"column":11}},"16":{"start":{"line":33,"column":12},"end":{"line":45,"column":13}},"17":{"start":{"line":34,"column":73},"end":{"line":34,"column":82}},"18":{"start":{"line":36,"column":27},"end":{"line":36,"column":55}},"19":{"start":{"line":37,"column":28},"end":{"line":37,"column":58}},"20":{"start":{"line":38,"column":29},"end":{"line":41,"column":86}},"21":{"start":{"line":41,"column":88},"end":{"line":41,"column":113}},"22":{"start":{"line":44,"column":16},"end":{"line":44,"column":53}},"23":{"start":{"line":50,"column":8},"end":{"line":61,"column":10}},"24":{"start":{"line":51,"column":12},"end":{"line":60,"column":13}},"25":{"start":{"line":52,"column":45},"end":{"line":52,"column":54}},"26":{"start":{"line":54,"column":28},"end":{"line":54,"column":58}},"27":{"start":{"line":55,"column":29},"end":{"line":57,"column":81}},"28":{"start":{"line":57,"column":83},"end":{"line":57,"column":108}},"29":{"start":{"line":59,"column":16},"end":{"line":59,"column":39}},"30":{"start":{"line":65,"column":0},"end":{"line":65,"column":28}}},"fnMap":{"0":{"name":"(anonymous_0)","decl":{"start":{"line":7,"column":4},"end":{"line":7,"column":5}},"loc":{"start":{"line":7,"column":27},"end":{"line":14,"column":5}},"line":7},"1":{"name":"(anonymous_1)","decl":{"start":{"line":15,"column":4},"end":{"line":15,"column":5}},"loc":{"start":{"line":15,"column":21},"end":{"line":29,"column":5}},"line":15},"2":{"name":"(anonymous_2)","decl":{"start":{"line":16,"column":28},"end":{"line":16,"column":29}},"loc":{"start":{"line":16,"column":55},"end":{"line":28,"column":9}},"line":16},"3":{"name":"(anonymous_3)","decl":{"start":{"line":23,"column":48},"end":{"line":23,"column":49}},"loc":{"start":{"line":23,"column":53},"end":{"line":23,"column":70}},"line":23},"4":{"name":"(anonymous_4)","decl":{"start":{"line":31,"column":4},"end":{"line":31,"column":5}},"loc":{"start":{"line":31,"column":28},"end":{"line":47,"column":5}},"line":31},"5":{"name":"(anonymous_5)","decl":{"start":{"line":32,"column":28},"end":{"line":32,"column":29}},"loc":{"start":{"line":32,"column":55},"end":{"line":46,"column":9}},"line":32},"6":{"name":"(anonymous_6)","decl":{"start":{"line":49,"column":4},"end":{"line":49,"column":5}},"loc":{"start":{"line":49,"column":28},"end":{"line":62,"column":5}},"line":49},"7":{"name":"(anonymous_7)","decl":{"start":{"line":50,"column":28},"end":{"line":50,"column":29}},"loc":{"start":{"line":50,"column":54},"end":{"line":61,"column":9}},"line":50}},"branchMap":{},"s":{"0":1,"1":1,"2":1,"3":0,"4":0,"5":0,"6":0,"7":0,"8":0,"9":0,"10":0,"11":0,"12":0,"13":0,"14":0,"15":1,"16":1,"17":1,"18":1,"19":0,"20":0,"21":0,"22":1,"23":0,"24":0,"25":0,"26":0,"27":0,"28":0,"29":0,"30":1},"f":{"0":0,"1":0,"2":0,"3":0,"4":1,"5":1,"6":0,"7":0},"b":{},"_coverageSchema":"1a1c01bbd47fc00a2c39e90264f33305004495a9","hash":"ea6696ced3783b04ab0974ac6d35a74a65f1b860"}
,"/Users/peterpilkington/Documents/futureproof/lapTwo/habitProject/api/models/user.js": {"path":"/Users/peterpilkington/Documents/futureproof/lapTwo/habitProject/api/models/user.js","statementMap":{"0":{"start":{"line":1,"column":11},"end":{"line":1,"column":41}},"1":{"start":{"line":6,"column":8},"end":{"line":6,"column":37}},"2":{"start":{"line":7,"column":8},"end":{"line":7,"column":31}},"3":{"start":{"line":8,"column":8},"end":{"line":8,"column":50}},"4":{"start":{"line":12,"column":8},"end":{"line":20,"column":10}},"5":{"start":{"line":13,"column":12},"end":{"line":19,"column":13}},"6":{"start":{"line":14,"column":29},"end":{"line":14,"column":67}},"7":{"start":{"line":15,"column":28},"end":{"line":15,"column":61}},"8":{"start":{"line":15,"column":49},"end":{"line":15,"column":60}},"9":{"start":{"line":16,"column":16},"end":{"line":16,"column":26}},"10":{"start":{"line":18,"column":16},"end":{"line":18,"column":53}},"11":{"start":{"line":24,"column":8},"end":{"line":33,"column":10}},"12":{"start":{"line":25,"column":12},"end":{"line":32,"column":13}},"13":{"start":{"line":26,"column":29},"end":{"line":27,"column":106}},"14":{"start":{"line":28,"column":27},"end":{"line":28,"column":51}},"15":{"start":{"line":29,"column":16},"end":{"line":29,"column":25}},"16":{"start":{"line":31,"column":16},"end":{"line":31,"column":50}},"17":{"start":{"line":37,"column":8},"end":{"line":46,"column":10}},"18":{"start":{"line":38,"column":12},"end":{"line":45,"column":13}},"19":{"start":{"line":39,"column":29},"end":{"line":40,"column":77}},"20":{"start":{"line":41,"column":27},"end":{"line":41,"column":51}},"21":{"start":{"line":42,"column":16},"end":{"line":42,"column":25}},"22":{"start":{"line":44,"column":16},"end":{"line":44,"column":52}},"23":{"start":{"line":50,"column":8},"end":{"line":58,"column":11}},"24":{"start":{"line":51,"column":12},"end":{"line":57,"column":13}},"25":{"start":{"line":52,"column":31},"end":{"line":52,"column":91}},"26":{"start":{"line":53,"column":27},"end":{"line":53,"column":53}},"27":{"start":{"line":54,"column":16},"end":{"line":54,"column":30}},"28":{"start":{"line":56,"column":16},"end":{"line":56,"column":41}},"29":{"start":{"line":62,"column":0},"end":{"line":62,"column":21}}},"fnMap":{"0":{"name":"(anonymous_0)","decl":{"start":{"line":5,"column":4},"end":{"line":5,"column":5}},"loc":{"start":{"line":5,"column":21},"end":{"line":9,"column":5}},"line":5},"1":{"name":"(anonymous_1)","decl":{"start":{"line":11,"column":4},"end":{"line":11,"column":5}},"loc":{"start":{"line":11,"column":20},"end":{"line":21,"column":5}},"line":11},"2":{"name":"(anonymous_2)","decl":{"start":{"line":12,"column":27},"end":{"line":12,"column":28}},"loc":{"start":{"line":12,"column":47},"end":{"line":20,"column":9}},"line":12},"3":{"name":"(anonymous_3)","decl":{"start":{"line":15,"column":44},"end":{"line":15,"column":45}},"loc":{"start":{"line":15,"column":49},"end":{"line":15,"column":60}},"line":15},"4":{"name":"(anonymous_4)","decl":{"start":{"line":23,"column":4},"end":{"line":23,"column":5}},"loc":{"start":{"line":23,"column":48},"end":{"line":34,"column":5}},"line":23},"5":{"name":"(anonymous_5)","decl":{"start":{"line":24,"column":27},"end":{"line":24,"column":28}},"loc":{"start":{"line":24,"column":47},"end":{"line":33,"column":9}},"line":24},"6":{"name":"(anonymous_6)","decl":{"start":{"line":36,"column":4},"end":{"line":36,"column":5}},"loc":{"start":{"line":36,"column":29},"end":{"line":47,"column":5}},"line":36},"7":{"name":"(anonymous_7)","decl":{"start":{"line":37,"column":27},"end":{"line":37,"column":28}},"loc":{"start":{"line":37,"column":47},"end":{"line":46,"column":9}},"line":37},"8":{"name":"(anonymous_8)","decl":{"start":{"line":49,"column":4},"end":{"line":49,"column":5}},"loc":{"start":{"line":49,"column":23},"end":{"line":59,"column":5}},"line":49},"9":{"name":"(anonymous_9)","decl":{"start":{"line":50,"column":28},"end":{"line":50,"column":29}},"loc":{"start":{"line":50,"column":55},"end":{"line":58,"column":9}},"line":50}},"branchMap":{},"s":{"0":2,"1":5,"2":5,"3":5,"4":1,"5":1,"6":1,"7":1,"8":3,"9":1,"10":0,"11":1,"12":1,"13":1,"14":1,"15":1,"16":0,"17":2,"18":2,"19":2,"20":1,"21":1,"22":1,"23":2,"24":2,"25":2,"26":1,"27":0,"28":2,"29":2},"f":{"0":5,"1":1,"2":1,"3":3,"4":1,"5":1,"6":2,"7":2,"8":2,"9":2},"b":{},"_coverageSchema":"1a1c01bbd47fc00a2c39e90264f33305004495a9","hash":"e9a6d76e1e2c7b964ba318983f465a6334dd5bd0"}
}
